<?xml version="1.0" encoding="UTF-8"?>
<testExecutions version="1">
  <file path="/Users/zguillez/Documentos/Repositorios/cookies-popup/__tests__/AppTest.js">
  </file>
</testExecutions>